<?xml version="1.0" encoding="utf-8"?><testsuites name="pytest tests"><testsuite name="pytest" errors="0" failures="0" skipped="0" tests="3" time="19.384" timestamp="2026-08-29T16:14:59.250776+00:00" hostname="agent-env-a16d2de5-29f2-4a49-9ca5-4aa08dbe80bb"><testcase classname="tests.backend_test" name="test_root_and_workspace" time="0.637" /><testcase classname="tests.backend_test" name="test_task_create_toggle_and_persist" time="0.318" /><testcase classname="tests.backend_test" name="test_chat_validation_and_stream" time="16.119" /></testsuite></testsuites>