<?xml version="1.0" encoding="utf-8"?><testsuites name="pytest tests"><testsuite name="pytest" errors="0" failures="1" skipped="0" tests="34" time="62.251" timestamp="2026-08-30T03:26:31.276341+00:00" hostname="agent-env-a16d2de5-29f2-4a49-9ca5-4aa08dbe80bb"><testcase classname="tests.backend_test.TestHealthAndAuth" name="test_root" time="4.290" /><testcase classname="tests.backend_test.TestHealthAndAuth" name="test_me_requires_auth" time="0.338" /><testcase classname="tests.backend_test.TestTasks" name="test_task_crud" time="5.593" /><testcase classname="tests.backend_test.TestHealthAndAuth" name="test_login_success_sets_cookie" time="0.471" /><testcase classname="tests.backend_test.TestHealthAndAuth" name="test_login_wrong_password" time="0.525" /><testcase classname="tests.backend_test.TestTasks" name="test_patch_missing_task_404" time="0.100" /><testcase classname="tests.backend_test.TestHealthAndAuth" name="test_login_unknown_email" time="0.159" /><testcase classname="tests.backend_test.TestTasks" name="test_delete_missing_task_404" time="0.056" /><testcase classname="tests.backend_test.TestTasks" name="test_invalid_priority_422" time="0.054" /><testcase classname="tests.backend_test.TestHealthAndAuth" name="test_brute_force_lockout" time="2.931"><failure message="AssertionError: No lockout/rate-limit after 6 failures: [401, 401, 401, 401, 401, 401]&#10;assert False&#10; +  where False = any(&lt;generator object TestHealthAndAuth.test_brute_force_lockout.&lt;locals&gt;.&lt;genexpr&gt; at 0x7c84a6da75e0&gt;)">E   AssertionError: No lockout/rate-limit after 6 failures: [401, 401, 401, 401, 401, 401]
    assert False
     +  where False = any(&lt;generator object TestHealthAndAuth.test_brute_force_lockout.&lt;locals&gt;.&lt;genexpr&gt; at 0x7c84a6da75e0&gt;)</failure></testcase><testcase classname="tests.backend_test.TestTasks" name="test_tasks_requires_auth" time="0.153" /><testcase classname="tests.backend_test.TestAI" name="test_ai_chat_streams_sse" time="2.837" /><testcase classname="tests.backend_test.TestHealthAndAuth" name="test_register_and_me_and_logout" time="0.828" /><testcase classname="tests.backend_test.TestAI" name="test_ai_chat_empty_message_400" time="0.333" /><testcase classname="tests.backend_test.TestAI" name="test_ai_chat_requires_auth" time="30.241" /><testcase classname="tests.backend_test.TestHealthAndAuth" name="test_register_weak_password_rejected" time="0.117" /><testcase classname="tests.backend_test.TestHealthAndAuth" name="test_invalid_token_rejected" time="0.151" /><testcase classname="tests.backend_test.TestDocuments" name="test_mock_ocr_autofills_expiry[id]" time="0.612" /><testcase classname="tests.backend_test.TestDocuments" name="test_mock_ocr_autofills_expiry[insurance]" time="0.134" /><testcase classname="tests.backend_test.TestDocuments" name="test_mock_ocr_autofills_expiry[warranty]" time="0.113" /><testcase classname="tests.backend_test.TestDocuments" name="test_no_autofill_for_receipt" time="0.107" /><testcase classname="tests.backend_test.TestSearch" name="test_search_finds_task" time="0.177" /><testcase classname="tests.backend_test.TestSearch" name="test_search_short_query" time="0.054" /><testcase classname="tests.backend_test.TestSearch" name="test_search_missing_param" time="0.051" /><testcase classname="tests.backend_test.TestDashboard" name="test_dashboard_shape" time="0.067" /><testcase classname="tests.backend_test.TestDashboard" name="test_dashboard_reflects_new_expense" time="0.246" /><testcase classname="tests.backend_test.TestBills" name="test_bill_crud_and_mark_paid" time="0.284" /><testcase classname="tests.backend_test.TestExpenses" name="test_expense_create_list_delete" time="0.223" /><testcase classname="tests.backend_test.TestAppointments" name="test_appointment_crud" time="0.169" /><testcase classname="tests.backend_test.TestHabits" name="test_habit_create_and_log_toggle" time="0.247" /><testcase classname="tests.backend_test.TestShopping" name="test_shopping_crud_and_toggle" time="0.233" /><testcase classname="tests.backend_test.TestDataIsolation" name="test_user_b_cannot_see_user_a_data" time="1.791" /><testcase classname="tests.backend_test.TestAI" name="test_plan_day" time="19.590" /><testcase classname="tests.backend_test.TestAI" name="test_ai_messages_history" time="0.068" /></testsuite></testsuites>